# JRE version: OpenJDK Runtime Environment Microsoft-8035246 (17.0.8+7) (build 17.0.8+7-LTS)
# Java VM: OpenJDK 64-Bit Server VM Microsoft-8035246 (17.0.8+7-LTS, mixed mode, sharing, tiered, compressed oops, compressed class ptrs, g1 gc, windows-amd64)
GC Precious Log:
 CPUs: 4 total, 4 available
 Memory: 16289M
 Large Page Support: Disabled
 NUMA Support: Disabled
 Compressed Oops: Enabled (32-bit)
 Heap Region Size: 1M
 Heap Min Capacity: 8M
 Heap Initial Capacity: 256M
 Heap Max Capacity: 2G
 Pre-touch: Disabled
 Parallel Workers: 4
 Concurrent Workers: 1
 Concurrent Refinement Workers: 4
 Periodic GC: Disabled
Heap:
 garbage-first heap   total 546816K, used 432898K [0x0000000080000000, 0x0000000100000000)
  region size 1024K, 248 young (253952K), 17 survivors (17408K)
 Metaspace       used 103712K, committed 105024K, reserved 557056K
  class space    used 14283K, committed 14912K, reserved 425984K
GC Heap History (20 events):
Event: 29.158 GC heap before
{Heap before GC invocations=30 (full 0):
 garbage-first heap   total 260096K, used 202839K [0x0000000080000000, 0x0000000100000000)
  region size 1024K, 112 young (114688K), 2 survivors (2048K)
 Metaspace       used 82225K, committed 82944K, reserved 557056K
  class space    used 11607K, committed 11968K, reserved 425984K
}
Event: 29.170 GC heap after
{Heap after GC invocations=31 (full 0):
 garbage-first heap   total 260096K, used 94897K [0x0000000080000000, 0x0000000100000000)
  region size 1024K, 6 young (6144K), 6 survivors (6144K)
 Metaspace       used 82225K, committed 82944K, reserved 557056K
  class space    used 11607K, committed 11968K, reserved 425984K
}
Event: 31.099 GC heap before
{Heap before GC invocations=31 (full 0):
 garbage-first heap   total 260096K, used 206513K [0x0000000080000000, 0x0000000100000000)
  region size 1024K, 115 young (117760K), 6 survivors (6144K)
 Metaspace       used 87861K, committed 88768K, reserved 557056K
  class space    used 12438K, committed 12864K, reserved 425984K
}
Event: 31.129 GC heap after
{Heap after GC invocations=32 (full 0):
 garbage-first heap   total 260096K, used 107718K [0x0000000080000000, 0x0000000100000000)
  region size 1024K, 15 young (15360K), 15 survivors (15360K)
 Metaspace       used 87861K, committed 88768K, reserved 557056K
  class space    used 12438K, committed 12864K, reserved 425984K
}
Event: 33.030 GC heap before
{Heap before GC invocations=32 (full 0):
 garbage-first heap   total 260096K, used 210118K [0x0000000080000000, 0x0000000100000000)
  region size 1024K, 110 young (112640K), 15 survivors (15360K)
 Metaspace       used 90964K, committed 91968K, reserved 557056K
  class space    used 12766K, committed 13248K, reserved 425984K
}
Event: 33.079 GC heap after
{Heap after GC invocations=33 (full 0):
 garbage-first heap   total 260096K, used 135359K [0x0000000080000000, 0x0000000100000000)
  region size 1024K, 14 young (14336K), 14 survivors (14336K)
 Metaspace       used 90964K, committed 91968K, reserved 557056K
  class space    used 12766K, committed 13248K, reserved 425984K
}
Event: 34.272 GC heap before
{Heap before GC invocations=33 (full 0):
 garbage-first heap   total 260096K, used 203967K [0x0000000080000000, 0x0000000100000000)
  region size 1024K, 81 young (82944K), 14 survivors (14336K)
 Metaspace       used 95472K, committed 96512K, reserved 557056K
  class space    used 13420K, committed 13952K, reserved 425984K
}
Event: 34.298 GC heap after
{Heap after GC invocations=34 (full 0):
 garbage-first heap   total 260096K, used 142090K [0x0000000080000000, 0x0000000100000000)
  region size 1024K, 6 young (6144K), 6 survivors (6144K)
 Metaspace       used 95472K, committed 96512K, reserved 557056K
  class space    used 13420K, committed 13952K, reserved 425984K
}
Event: 35.474 GC heap before
{Heap before GC invocations=35 (full 0):
 garbage-first heap   total 273408K, used 208650K [0x0000000080000000, 0x0000000100000000)
  region size 1024K, 71 young (72704K), 6 survivors (6144K)
 Metaspace       used 97793K, committed 98944K, reserved 557056K
  class space    used 13704K, committed 14272K, reserved 425984K
}
Event: 35.503 GC heap after
{Heap after GC invocations=36 (full 0):
 garbage-first heap   total 273408K, used 149391K [0x0000000080000000, 0x0000000100000000)
  region size 1024K, 8 young (8192K), 8 survivors (8192K)
 Metaspace       used 97793K, committed 98944K, reserved 557056K
  class space    used 13704K, committed 14272K, reserved 425984K
}
Event: 35.578 GC heap before
{Heap before GC invocations=36 (full 0):
 garbage-first heap   total 273408K, used 154511K [0x0000000080000000, 0x0000000100000000)
  region size 1024K, 13 young (13312K), 8 survivors (8192K)
 Metaspace       used 97814K, committed 98944K, reserved 557056K
  class space    used 13704K, committed 14272K, reserved 425984K
}
Event: 35.600 GC heap after
{Heap after GC invocations=37 (full 0):
 garbage-first heap   total 273408K, used 149543K [0x0000000080000000, 0x0000000100000000)
  region size 1024K, 2 young (2048K), 2 survivors (2048K)
 Metaspace       used 97814K, committed 98944K, reserved 557056K
  class space    used 13704K, committed 14272K, reserved 425984K
}
Event: 36.509 GC heap before
{Heap before GC invocations=37 (full 0):
 garbage-first heap   total 273408K, used 219175K [0x0000000080000000, 0x0000000100000000)
  region size 1024K, 70 young (71680K), 2 survivors (2048K)
 Metaspace       used 98598K, committed 99712K, reserved 557056K
  class space    used 13779K, committed 14336K, reserved 425984K
}
Event: 36.533 GC heap after
{Heap after GC invocations=38 (full 0):
 garbage-first heap   total 546816K, used 155984K [0x0000000080000000, 0x0000000100000000)
  region size 1024K, 8 young (8192K), 8 survivors (8192K)
 Metaspace       used 98598K, committed 99712K, reserved 557056K
  class space    used 13779K, committed 14336K, reserved 425984K
}
Event: 41.015 GC heap before
{Heap before GC invocations=39 (full 0):
 garbage-first heap   total 546816K, used 436560K [0x0000000080000000, 0x0000000100000000)
  region size 1024K, 271 young (277504K), 8 survivors (8192K)
 Metaspace       used 99799K, committed 100992K, reserved 557056K
  class space    used 13893K, committed 14464K, reserved 425984K
}
Event: 41.056 GC heap after
{Heap after GC invocations=40 (full 0):
 garbage-first heap   total 546816K, used 173675K [0x0000000080000000, 0x0000000100000000)
  region size 1024K, 25 young (25600K), 25 survivors (25600K)
 Metaspace       used 99799K, committed 100992K, reserved 557056K
  class space    used 13893K, committed 14464K, reserved 425984K
}
Event: 41.065 GC heap before
{Heap before GC invocations=40 (full 0):
 garbage-first heap   total 546816K, used 174699K [0x0000000080000000, 0x0000000100000000)
  region size 1024K, 26 young (26624K), 25 survivors (25600K)
 Metaspace       used 99799K, committed 100992K, reserved 557056K
  class space    used 13893K, committed 14464K, reserved 425984K
}
Event: 41.098 GC heap after
{Heap after GC invocations=41 (full 0):
 garbage-first heap   total 546816K, used 173826K [0x0000000080000000, 0x0000000100000000)
  region size 1024K, 2 young (2048K), 2 survivors (2048K)
 Metaspace       used 99799K, committed 100992K, reserved 557056K
  class space    used 13893K, committed 14464K, reserved 425984K
}
Event: 43.834 GC heap before
{Heap before GC invocations=41 (full 0):
 garbage-first heap   total 546816K, used 449282K [0x0000000080000000, 0x0000000100000000)
  region size 1024K, 248 young (253952K), 2 survivors (2048K)
 Metaspace       used 100353K, committed 101568K, reserved 557056K
  class space    used 13965K, committed 14528K, reserved 425984K
}
Event: 43.864 GC heap after
{Heap after GC invocations=42 (full 0):
 garbage-first heap   total 546816K, used 189186K [0x0000000080000000, 0x0000000100000000)
  region size 1024K, 17 young (17408K), 17 survivors (17408K)
 Metaspace       used 100353K, committed 101568K, reserved 557056K
  class space    used 13965K, committed 14528K, reserved 425984K
}

