# JRE version: OpenJDK Runtime Environment Microsoft-8035246 (17.0.8+7) (build 17.0.8+7-LTS)
# Java VM: OpenJDK 64-Bit Server VM Microsoft-8035246 (17.0.8+7-LTS, mixed mode, sharing, tiered, compressed oops, compressed class ptrs, g1 gc, windows-amd64)
GC Precious Log:
 CPUs: 4 total, 4 available
 Memory: 16289M
 Large Page Support: Disabled
 NUMA Support: Disabled
 Compressed Oops: Enabled (32-bit)
 Heap Region Size: 1M
 Heap Min Capacity: 8M
 Heap Initial Capacity: 256M
 Heap Max Capacity: 2G
 Pre-touch: Disabled
 Parallel Workers: 4
 Concurrent Workers: 1
 Concurrent Refinement Workers: 4
 Periodic GC: Disabled
Heap:
 garbage-first heap   total 320512K, used 203574K [0x0000000080000000, 0x0000000100000000)
  region size 1024K, 56 young (57344K), 12 survivors (12288K)
 Metaspace       used 97971K, committed 98944K, reserved 557056K
  class space    used 13675K, committed 14144K, reserved 425984K
GC Heap History (20 events):
Event: 28.997 GC heap before
{Heap before GC invocations=37 (full 0):
 garbage-first heap   total 248832K, used 173887K [0x0000000080000000, 0x0000000100000000)
  region size 1024K, 88 young (90112K), 2 survivors (2048K)
 Metaspace       used 77588K, committed 78272K, reserved 557056K
  class space    used 10822K, committed 11136K, reserved 425984K
}
Event: 29.015 GC heap after
{Heap after GC invocations=38 (full 0):
 garbage-first heap   total 248832K, used 91502K [0x0000000080000000, 0x0000000100000000)
  region size 1024K, 8 young (8192K), 8 survivors (8192K)
 Metaspace       used 77588K, committed 78272K, reserved 557056K
  class space    used 10822K, committed 11136K, reserved 425984K
}
Event: 29.135 GC heap before
{Heap before GC invocations=38 (full 0):
 garbage-first heap   total 248832K, used 95598K [0x0000000080000000, 0x0000000100000000)
  region size 1024K, 12 young (12288K), 8 survivors (8192K)
 Metaspace       used 77856K, committed 78592K, reserved 557056K
  class space    used 10857K, committed 11200K, reserved 425984K
}
Event: 29.149 GC heap after
{Heap after GC invocations=39 (full 0):
 garbage-first heap   total 248832K, used 91923K [0x0000000080000000, 0x0000000100000000)
  region size 1024K, 1 young (1024K), 1 survivors (1024K)
 Metaspace       used 77856K, committed 78592K, reserved 557056K
  class space    used 10857K, committed 11200K, reserved 425984K
}
Event: 30.626 GC heap before
{Heap before GC invocations=39 (full 0):
 garbage-first heap   total 248832K, used 182035K [0x0000000080000000, 0x0000000100000000)
  region size 1024K, 88 young (90112K), 1 survivors (1024K)
 Metaspace       used 83843K, committed 84544K, reserved 557056K
  class space    used 11857K, committed 12224K, reserved 425984K
}
Event: 30.635 GC heap after
{Heap after GC invocations=40 (full 0):
 garbage-first heap   total 248832K, used 94053K [0x0000000080000000, 0x0000000100000000)
  region size 1024K, 4 young (4096K), 4 survivors (4096K)
 Metaspace       used 83843K, committed 84544K, reserved 557056K
  class space    used 11857K, committed 12224K, reserved 425984K
}
Event: 32.709 GC heap before
{Heap before GC invocations=40 (full 0):
 garbage-first heap   total 248832K, used 191333K [0x0000000080000000, 0x0000000100000000)
  region size 1024K, 95 young (97280K), 4 survivors (4096K)
 Metaspace       used 87224K, committed 88000K, reserved 557056K
  class space    used 12312K, committed 12672K, reserved 425984K
}
Event: 32.730 GC heap after
{Heap after GC invocations=41 (full 0):
 garbage-first heap   total 248832K, used 111616K [0x0000000080000000, 0x0000000100000000)
  region size 1024K, 12 young (12288K), 12 survivors (12288K)
 Metaspace       used 87224K, committed 88000K, reserved 557056K
  class space    used 12312K, committed 12672K, reserved 425984K
}
Event: 34.266 GC heap before
{Heap before GC invocations=41 (full 0):
 garbage-first heap   total 248832K, used 190464K [0x0000000080000000, 0x0000000100000000)
  region size 1024K, 89 young (91136K), 12 survivors (12288K)
 Metaspace       used 90866K, committed 91776K, reserved 557056K
  class space    used 12848K, committed 13248K, reserved 425984K
}
Event: 34.296 GC heap after
{Heap after GC invocations=42 (full 0):
 garbage-first heap   total 248832K, used 125802K [0x0000000080000000, 0x0000000100000000)
  region size 1024K, 12 young (12288K), 12 survivors (12288K)
 Metaspace       used 90866K, committed 91776K, reserved 557056K
  class space    used 12848K, committed 13248K, reserved 425984K
}
Event: 36.116 GC heap before
{Heap before GC invocations=42 (full 0):
 garbage-first heap   total 248832K, used 194410K [0x0000000080000000, 0x0000000100000000)
  region size 1024K, 79 young (80896K), 12 survivors (12288K)
 Metaspace       used 95344K, committed 96256K, reserved 557056K
  class space    used 13393K, committed 13824K, reserved 425984K
}
Event: 36.139 GC heap after
{Heap after GC invocations=43 (full 0):
 garbage-first heap   total 248832K, used 131962K [0x0000000080000000, 0x0000000100000000)
  region size 1024K, 6 young (6144K), 6 survivors (6144K)
 Metaspace       used 95344K, committed 96256K, reserved 557056K
  class space    used 13393K, committed 13824K, reserved 425984K
}
Event: 37.432 GC heap before
{Heap before GC invocations=43 (full 0):
 garbage-first heap   total 248832K, used 198522K [0x0000000080000000, 0x0000000100000000)
  region size 1024K, 71 young (72704K), 6 survivors (6144K)
 Metaspace       used 96775K, committed 97728K, reserved 557056K
  class space    used 13576K, committed 14016K, reserved 425984K
}
Event: 37.464 GC heap after
{Heap after GC invocations=44 (full 0):
 garbage-first heap   total 248832K, used 139404K [0x0000000080000000, 0x0000000100000000)
  region size 1024K, 8 young (8192K), 8 survivors (8192K)
 Metaspace       used 96775K, committed 97728K, reserved 557056K
  class space    used 13576K, committed 14016K, reserved 425984K
}
Event: 38.751 GC heap before
{Heap before GC invocations=44 (full 0):
 garbage-first heap   total 248832K, used 199820K [0x0000000080000000, 0x0000000100000000)
  region size 1024K, 68 young (69632K), 8 survivors (8192K)
 Metaspace       used 97459K, committed 98368K, reserved 557056K
  class space    used 13642K, committed 14080K, reserved 425984K
}
Event: 38.776 GC heap after
{Heap after GC invocations=45 (full 0):
 garbage-first heap   total 248832K, used 144719K [0x0000000080000000, 0x0000000100000000)
  region size 1024K, 6 young (6144K), 6 survivors (6144K)
 Metaspace       used 97459K, committed 98368K, reserved 557056K
  class space    used 13642K, committed 14080K, reserved 425984K
}
Event: 39.718 GC heap before
{Heap before GC invocations=45 (full 0):
 garbage-first heap   total 248832K, used 206159K [0x0000000080000000, 0x0000000100000000)
  region size 1024K, 63 young (64512K), 6 survivors (6144K)
 Metaspace       used 97554K, committed 98432K, reserved 557056K
  class space    used 13642K, committed 14080K, reserved 425984K
}
Event: 39.734 GC heap after
{Heap after GC invocations=46 (full 0):
 garbage-first heap   total 320512K, used 148965K [0x0000000080000000, 0x0000000100000000)
  region size 1024K, 5 young (5120K), 5 survivors (5120K)
 Metaspace       used 97554K, committed 98432K, reserved 557056K
  class space    used 13642K, committed 14080K, reserved 425984K
}
Event: 41.560 GC heap before
{Heap before GC invocations=46 (full 0):
 garbage-first heap   total 320512K, used 274917K [0x0000000080000000, 0x0000000100000000)
  region size 1024K, 109 young (111616K), 5 survivors (5120K)
 Metaspace       used 97858K, committed 98816K, reserved 557056K
  class space    used 13667K, committed 14080K, reserved 425984K
}
Event: 41.579 GC heap after
{Heap after GC invocations=47 (full 0):
 garbage-first heap   total 320512K, used 160566K [0x0000000080000000, 0x0000000100000000)
  region size 1024K, 12 young (12288K), 12 survivors (12288K)
 Metaspace       used 97858K, committed 98816K, reserved 557056K
  class space    used 13667K, committed 14080K, reserved 425984K
}

