# JRE version: OpenJDK Runtime Environment Microsoft-8035246 (17.0.8+7) (build 17.0.8+7-LTS)
# Java VM: OpenJDK 64-Bit Server VM Microsoft-8035246 (17.0.8+7-LTS, mixed mode, sharing, tiered, compressed oops, compressed class ptrs, g1 gc, windows-amd64)
GC Precious Log:
 CPUs: 4 total, 4 available
 Memory: 16289M
 Large Page Support: Disabled
 NUMA Support: Disabled
 Compressed Oops: Enabled (32-bit)
 Heap Region Size: 1M
 Heap Min Capacity: 8M
 Heap Initial Capacity: 256M
 Heap Max Capacity: 2G
 Pre-touch: Disabled
 Parallel Workers: 4
 Concurrent Workers: 1
 Concurrent Refinement Workers: 4
 Periodic GC: Disabled
Heap:
 garbage-first heap   total 405504K, used 293376K [0x0000000080000000, 0x0000000100000000)
  region size 1024K, 122 young (124928K), 20 survivors (20480K)
 Metaspace       used 100730K, committed 102080K, reserved 557056K
  class space    used 14023K, committed 14656K, reserved 425984K
GC Heap History (20 events):
Event: 21.940 GC heap before
{Heap before GC invocations=30 (full 0):
 garbage-first heap   total 292864K, used 197416K [0x0000000080000000, 0x0000000100000000)
  region size 1024K, 108 young (110592K), 2 survivors (2048K)
 Metaspace       used 77018K, committed 77696K, reserved 557056K
  class space    used 10739K, committed 11072K, reserved 425984K
}
Event: 21.954 GC heap after
{Heap after GC invocations=31 (full 0):
 garbage-first heap   total 292864K, used 90134K [0x0000000080000000, 0x0000000100000000)
  region size 1024K, 9 young (9216K), 9 survivors (9216K)
 Metaspace       used 77018K, committed 77696K, reserved 557056K
  class space    used 10739K, committed 11072K, reserved 425984K
}
Event: 22.027 GC heap before
{Heap before GC invocations=31 (full 0):
 garbage-first heap   total 292864K, used 95254K [0x0000000080000000, 0x0000000100000000)
  region size 1024K, 14 young (14336K), 9 survivors (9216K)
 Metaspace       used 77018K, committed 77696K, reserved 557056K
  class space    used 10739K, committed 11072K, reserved 425984K
}
Event: 22.039 GC heap after
{Heap after GC invocations=32 (full 0):
 garbage-first heap   total 292864K, used 90606K [0x0000000080000000, 0x0000000100000000)
  region size 1024K, 1 young (1024K), 1 survivors (1024K)
 Metaspace       used 77018K, committed 77696K, reserved 557056K
  class space    used 10739K, committed 11072K, reserved 425984K
}
Event: 27.855 GC heap before
{Heap before GC invocations=32 (full 0):
 garbage-first heap   total 292864K, used 202222K [0x0000000080000000, 0x0000000100000000)
  region size 1024K, 109 young (111616K), 1 survivors (1024K)
 Metaspace       used 82477K, committed 83200K, reserved 557056K
  class space    used 11651K, committed 12032K, reserved 425984K
}
Event: 27.865 GC heap after
{Heap after GC invocations=33 (full 0):
 garbage-first heap   total 292864K, used 95091K [0x0000000080000000, 0x0000000100000000)
  region size 1024K, 6 young (6144K), 6 survivors (6144K)
 Metaspace       used 82477K, committed 83200K, reserved 557056K
  class space    used 11651K, committed 12032K, reserved 425984K
}
Event: 30.031 GC heap before
{Heap before GC invocations=33 (full 0):
 garbage-first heap   total 292864K, used 208755K [0x0000000080000000, 0x0000000100000000)
  region size 1024K, 117 young (119808K), 6 survivors (6144K)
 Metaspace       used 88052K, committed 89024K, reserved 557056K
  class space    used 12480K, committed 12928K, reserved 425984K
}
Event: 30.064 GC heap after
{Heap after GC invocations=34 (full 0):
 garbage-first heap   total 292864K, used 109971K [0x0000000080000000, 0x0000000100000000)
  region size 1024K, 15 young (15360K), 15 survivors (15360K)
 Metaspace       used 88052K, committed 89024K, reserved 557056K
  class space    used 12480K, committed 12928K, reserved 425984K
}
Event: 32.150 GC heap before
{Heap before GC invocations=34 (full 0):
 garbage-first heap   total 292864K, used 220563K [0x0000000080000000, 0x0000000100000000)
  region size 1024K, 117 young (119808K), 15 survivors (15360K)
 Metaspace       used 91346K, committed 92416K, reserved 557056K
  class space    used 12820K, committed 13312K, reserved 425984K
}
Event: 32.200 GC heap after
{Heap after GC invocations=35 (full 0):
 garbage-first heap   total 292864K, used 138240K [0x0000000080000000, 0x0000000100000000)
  region size 1024K, 15 young (15360K), 15 survivors (15360K)
 Metaspace       used 91346K, committed 92416K, reserved 557056K
  class space    used 12820K, committed 13312K, reserved 425984K
}
Event: 33.684 GC heap before
{Heap before GC invocations=35 (full 0):
 garbage-first heap   total 292864K, used 220160K [0x0000000080000000, 0x0000000100000000)
  region size 1024K, 95 young (97280K), 15 survivors (15360K)
 Metaspace       used 96455K, committed 97536K, reserved 557056K
  class space    used 13554K, committed 14080K, reserved 425984K
}
Event: 33.717 GC heap after
{Heap after GC invocations=36 (full 0):
 garbage-first heap   total 292864K, used 146944K [0x0000000080000000, 0x0000000100000000)
  region size 1024K, 7 young (7168K), 7 survivors (7168K)
 Metaspace       used 96455K, committed 97536K, reserved 557056K
  class space    used 13554K, committed 14080K, reserved 425984K
}
Event: 35.048 GC heap before
{Heap before GC invocations=36 (full 0):
 garbage-first heap   total 292864K, used 226816K [0x0000000080000000, 0x0000000100000000)
  region size 1024K, 85 young (87040K), 7 survivors (7168K)
 Metaspace       used 98362K, committed 99520K, reserved 557056K
  class space    used 13751K, committed 14272K, reserved 425984K
}
Event: 35.080 GC heap after
{Heap after GC invocations=37 (full 0):
 garbage-first heap   total 292864K, used 156029K [0x0000000080000000, 0x0000000100000000)
  region size 1024K, 11 young (11264K), 11 survivors (11264K)
 Metaspace       used 98362K, committed 99520K, reserved 557056K
  class space    used 13751K, committed 14272K, reserved 425984K
}
Event: 36.163 GC heap before
{Heap before GC invocations=37 (full 0):
 garbage-first heap   total 292864K, used 230781K [0x0000000080000000, 0x0000000100000000)
  region size 1024K, 84 young (86016K), 11 survivors (11264K)
 Metaspace       used 99449K, committed 100608K, reserved 557056K
  class space    used 13905K, committed 14464K, reserved 425984K
}
Event: 36.206 GC heap after
{Heap after GC invocations=38 (full 0):
 garbage-first heap   total 405504K, used 163405K [0x0000000080000000, 0x0000000100000000)
  region size 1024K, 8 young (8192K), 8 survivors (8192K)
 Metaspace       used 99449K, committed 100608K, reserved 557056K
  class space    used 13905K, committed 14464K, reserved 425984K
}
Event: 38.301 GC heap before
{Heap before GC invocations=38 (full 0):
 garbage-first heap   total 405504K, used 306765K [0x0000000080000000, 0x0000000100000000)
  region size 1024K, 149 young (152576K), 8 survivors (8192K)
 Metaspace       used 100194K, committed 101376K, reserved 557056K
  class space    used 13962K, committed 14528K, reserved 425984K
}
Event: 38.332 GC heap after
{Heap after GC invocations=39 (full 0):
 garbage-first heap   total 405504K, used 172729K [0x0000000080000000, 0x0000000100000000)
  region size 1024K, 17 young (17408K), 17 survivors (17408K)
 Metaspace       used 100194K, committed 101376K, reserved 557056K
  class space    used 13962K, committed 14528K, reserved 425984K
}
Event: 39.940 GC heap before
{Heap before GC invocations=39 (full 0):
 garbage-first heap   total 405504K, used 332473K [0x0000000080000000, 0x0000000100000000)
  region size 1024K, 158 young (161792K), 17 survivors (17408K)
 Metaspace       used 100415K, committed 101632K, reserved 557056K
  class space    used 13980K, committed 14592K, reserved 425984K
}
Event: 39.981 GC heap after
{Heap after GC invocations=40 (full 0):
 garbage-first heap   total 405504K, used 182784K [0x0000000080000000, 0x0000000100000000)
  region size 1024K, 20 young (20480K), 20 survivors (20480K)
 Metaspace       used 100415K, committed 101632K, reserved 557056K
  class space    used 13980K, committed 14592K, reserved 425984K
}

