# JRE version: OpenJDK Runtime Environment Microsoft-8035246 (17.0.8+7) (build 17.0.8+7-LTS)
# Java VM: OpenJDK 64-Bit Server VM Microsoft-8035246 (17.0.8+7-LTS, mixed mode, sharing, tiered, compressed oops, compressed class ptrs, g1 gc, windows-amd64)
GC Precious Log:
 CPUs: 4 total, 4 available
 Memory: 16289M
 Large Page Support: Disabled
 NUMA Support: Disabled
 Compressed Oops: Enabled (32-bit)
 Heap Region Size: 1M
 Heap Min Capacity: 8M
 Heap Initial Capacity: 256M
 Heap Max Capacity: 2G
 Pre-touch: Disabled
 Parallel Workers: 4
 Concurrent Workers: 1
 Concurrent Refinement Workers: 4
 Periodic GC: Disabled
Heap:
 garbage-first heap   total 249856K, used 207986K [0x0000000080000000, 0x0000000100000000)
  region size 1024K, 41 young (41984K), 5 survivors (5120K)
 Metaspace       used 103103K, committed 104256K, reserved 557056K
  class space    used 14296K, committed 14848K, reserved 425984K
GC Heap History (20 events):
Event: 126.483 GC heap before
{Heap before GC invocations=36 (full 0):
 garbage-first heap   total 231424K, used 195097K [0x0000000080000000, 0x0000000100000000)
  region size 1024K, 96 young (98304K), 13 survivors (13312K)
 Metaspace       used 92303K, committed 93312K, reserved 557056K
  class space    used 12930K, committed 13376K, reserved 425984K
}
Event: 126.530 GC heap after
{Heap after GC invocations=37 (full 0):
 garbage-first heap   total 231424K, used 131263K [0x0000000080000000, 0x0000000100000000)
  region size 1024K, 12 young (12288K), 12 survivors (12288K)
 Metaspace       used 92303K, committed 93312K, reserved 557056K
  class space    used 12930K, committed 13376K, reserved 425984K
}
Event: 128.864 GC heap before
{Heap before GC invocations=37 (full 0):
 garbage-first heap   total 231424K, used 183487K [0x0000000080000000, 0x0000000100000000)
  region size 1024K, 63 young (64512K), 12 survivors (12288K)
 Metaspace       used 95817K, committed 96832K, reserved 557056K
  class space    used 13363K, committed 13824K, reserved 425984K
}
Event: 128.893 GC heap after
{Heap after GC invocations=38 (full 0):
 garbage-first heap   total 231424K, used 140219K [0x0000000080000000, 0x0000000100000000)
  region size 1024K, 8 young (8192K), 8 survivors (8192K)
 Metaspace       used 95817K, committed 96832K, reserved 557056K
  class space    used 13363K, committed 13824K, reserved 425984K
}
Event: 131.486 GC heap before
{Heap before GC invocations=39 (full 0):
 garbage-first heap   total 249856K, used 185275K [0x0000000080000000, 0x0000000100000000)
  region size 1024K, 52 young (53248K), 8 survivors (8192K)
 Metaspace       used 98847K, committed 99904K, reserved 557056K
  class space    used 13823K, committed 14336K, reserved 425984K
}
Event: 131.517 GC heap after
{Heap after GC invocations=40 (full 0):
 garbage-first heap   total 249856K, used 144372K [0x0000000080000000, 0x0000000100000000)
  region size 1024K, 4 young (4096K), 4 survivors (4096K)
 Metaspace       used 98847K, committed 99904K, reserved 557056K
  class space    used 13823K, committed 14336K, reserved 425984K
}
Event: 131.849 GC heap before
{Heap before GC invocations=40 (full 0):
 garbage-first heap   total 249856K, used 152564K [0x0000000080000000, 0x0000000100000000)
  region size 1024K, 12 young (12288K), 4 survivors (4096K)
 Metaspace       used 99001K, committed 100032K, reserved 557056K
  class space    used 13843K, committed 14336K, reserved 425984K
}
Event: 131.870 GC heap after
{Heap after GC invocations=41 (full 0):
 garbage-first heap   total 249856K, used 144741K [0x0000000080000000, 0x0000000100000000)
  region size 1024K, 2 young (2048K), 2 survivors (2048K)
 Metaspace       used 99001K, committed 100032K, reserved 557056K
  class space    used 13843K, committed 14336K, reserved 425984K
}
Event: 134.381 GC heap before
{Heap before GC invocations=41 (full 0):
 garbage-first heap   total 249856K, used 201061K [0x0000000080000000, 0x0000000100000000)
  region size 1024K, 57 young (58368K), 2 survivors (2048K)
 Metaspace       used 101201K, committed 102272K, reserved 557056K
  class space    used 14106K, committed 14592K, reserved 425984K
}
Event: 134.404 GC heap after
{Heap after GC invocations=42 (full 0):
 garbage-first heap   total 249856K, used 150969K [0x0000000080000000, 0x0000000100000000)
  region size 1024K, 8 young (8192K), 8 survivors (8192K)
 Metaspace       used 101201K, committed 102272K, reserved 557056K
  class space    used 14106K, committed 14592K, reserved 425984K
}
Event: 136.932 GC heap before
{Heap before GC invocations=42 (full 0):
 garbage-first heap   total 249856K, used 203193K [0x0000000080000000, 0x0000000100000000)
  region size 1024K, 59 young (60416K), 8 survivors (8192K)
 Metaspace       used 101598K, committed 102656K, reserved 557056K
  class space    used 14127K, committed 14656K, reserved 425984K
}
Event: 136.958 GC heap after
{Heap after GC invocations=43 (full 0):
 garbage-first heap   total 249856K, used 155841K [0x0000000080000000, 0x0000000100000000)
  region size 1024K, 5 young (5120K), 5 survivors (5120K)
 Metaspace       used 101598K, committed 102656K, reserved 557056K
  class space    used 14127K, committed 14656K, reserved 425984K
}
Event: 139.054 GC heap before
{Heap before GC invocations=43 (full 0):
 garbage-first heap   total 249856K, used 203969K [0x0000000080000000, 0x0000000100000000)
  region size 1024K, 53 young (54272K), 5 survivors (5120K)
 Metaspace       used 102479K, committed 103616K, reserved 557056K
  class space    used 14245K, committed 14784K, reserved 425984K
}
Event: 139.075 GC heap after
{Heap after GC invocations=44 (full 0):
 garbage-first heap   total 249856K, used 162449K [0x0000000080000000, 0x0000000100000000)
  region size 1024K, 6 young (6144K), 6 survivors (6144K)
 Metaspace       used 102479K, committed 103616K, reserved 557056K
  class space    used 14245K, committed 14784K, reserved 425984K
}
Event: 140.656 GC heap before
{Heap before GC invocations=44 (full 0):
 garbage-first heap   total 249856K, used 206481K [0x0000000080000000, 0x0000000100000000)
  region size 1024K, 50 young (51200K), 6 survivors (6144K)
 Metaspace       used 102803K, committed 103936K, reserved 557056K
  class space    used 14247K, committed 14784K, reserved 425984K
}
Event: 140.674 GC heap after
{Heap after GC invocations=45 (full 0):
 garbage-first heap   total 249856K, used 164864K [0x0000000080000000, 0x0000000100000000)
  region size 1024K, 3 young (3072K), 3 survivors (3072K)
 Metaspace       used 102803K, committed 103936K, reserved 557056K
  class space    used 14247K, committed 14784K, reserved 425984K
}
Event: 141.968 GC heap before
{Heap before GC invocations=45 (full 0):
 garbage-first heap   total 249856K, used 208896K [0x0000000080000000, 0x0000000100000000)
  region size 1024K, 47 young (48128K), 3 survivors (3072K)
 Metaspace       used 103045K, committed 104192K, reserved 557056K
  class space    used 14296K, committed 14848K, reserved 425984K
}
Event: 141.985 GC heap after
{Heap after GC invocations=46 (full 0):
 garbage-first heap   total 249856K, used 169674K [0x0000000080000000, 0x0000000100000000)
  region size 1024K, 6 young (6144K), 6 survivors (6144K)
 Metaspace       used 103045K, committed 104192K, reserved 557056K
  class space    used 14296K, committed 14848K, reserved 425984K
}
Event: 142.990 GC heap before
{Heap before GC invocations=46 (full 0):
 garbage-first heap   total 249856K, used 213706K [0x0000000080000000, 0x0000000100000000)
  region size 1024K, 45 young (46080K), 6 survivors (6144K)
 Metaspace       used 103049K, committed 104192K, reserved 557056K
  class space    used 14296K, committed 14848K, reserved 425984K
}
Event: 143.006 GC heap after
{Heap after GC invocations=47 (full 0):
 garbage-first heap   total 249856K, used 173170K [0x0000000080000000, 0x0000000100000000)
  region size 1024K, 5 young (5120K), 5 survivors (5120K)
 Metaspace       used 103049K, committed 104192K, reserved 557056K
  class space    used 14296K, committed 14848K, reserved 425984K
}

