# JRE version: OpenJDK Runtime Environment Microsoft-8035246 (17.0.8+7) (build 17.0.8+7-LTS)
# Java VM: OpenJDK 64-Bit Server VM Microsoft-8035246 (17.0.8+7-LTS, mixed mode, sharing, tiered, compressed oops, compressed class ptrs, g1 gc, windows-amd64)
GC Precious Log:
 CPUs: 4 total, 4 available
 Memory: 16289M
 Large Page Support: Disabled
 NUMA Support: Disabled
 Compressed Oops: Enabled (32-bit)
 Heap Region Size: 1M
 Heap Min Capacity: 8M
 Heap Initial Capacity: 256M
 Heap Max Capacity: 2G
 Pre-touch: Disabled
 Parallel Workers: 4
 Concurrent Workers: 1
 Concurrent Refinement Workers: 4
 Periodic GC: Disabled
Heap:
 garbage-first heap   total 332800K, used 198405K [0x0000000080000000, 0x0000000100000000)
  region size 1024K, 24 young (24576K), 10 survivors (10240K)
 Metaspace       used 100346K, committed 101568K, reserved 557056K
  class space    used 13955K, committed 14528K, reserved 425984K
GC Heap History (20 events):
Event: 44.573 GC heap before
{Heap before GC invocations=34 (full 0):
 garbage-first heap   total 232448K, used 183907K [0x0000000080000000, 0x0000000100000000)
  region size 1024K, 63 young (64512K), 12 survivors (12288K)
 Metaspace       used 92121K, committed 93248K, reserved 557056K
  class space    used 12920K, committed 13440K, reserved 425984K
}
Event: 44.604 GC heap after
{Heap after GC invocations=35 (full 0):
 garbage-first heap   total 232448K, used 141312K [0x0000000080000000, 0x0000000100000000)
  region size 1024K, 8 young (8192K), 8 survivors (8192K)
 Metaspace       used 92121K, committed 93248K, reserved 557056K
  class space    used 12920K, committed 13440K, reserved 425984K
}
Event: 45.779 GC heap before
{Heap before GC invocations=36 (full 0):
 garbage-first heap   total 261120K, used 184320K [0x0000000080000000, 0x0000000100000000)
  region size 1024K, 50 young (51200K), 8 survivors (8192K)
 Metaspace       used 95567K, committed 96704K, reserved 557056K
  class space    used 13442K, committed 14016K, reserved 425984K
}
Event: 45.799 GC heap after
{Heap after GC invocations=37 (full 0):
 garbage-first heap   total 261120K, used 144668K [0x0000000080000000, 0x0000000100000000)
  region size 1024K, 3 young (3072K), 3 survivors (3072K)
 Metaspace       used 95567K, committed 96704K, reserved 557056K
  class space    used 13442K, committed 14016K, reserved 425984K
}
Event: 46.105 GC heap before
{Heap before GC invocations=37 (full 0):
 garbage-first heap   total 261120K, used 153884K [0x0000000080000000, 0x0000000100000000)
  region size 1024K, 12 young (12288K), 3 survivors (3072K)
 Metaspace       used 95689K, committed 96832K, reserved 557056K
  class space    used 13454K, committed 14016K, reserved 425984K
}
Event: 46.122 GC heap after
{Heap after GC invocations=38 (full 0):
 garbage-first heap   total 261120K, used 145949K [0x0000000080000000, 0x0000000100000000)
  region size 1024K, 2 young (2048K), 2 survivors (2048K)
 Metaspace       used 95689K, committed 96832K, reserved 557056K
  class space    used 13454K, committed 14016K, reserved 425984K
}
Event: 47.329 GC heap before
{Heap before GC invocations=38 (full 0):
 garbage-first heap   total 261120K, used 210461K [0x0000000080000000, 0x0000000100000000)
  region size 1024K, 65 young (66560K), 2 survivors (2048K)
 Metaspace       used 98128K, committed 99264K, reserved 557056K
  class space    used 13744K, committed 14272K, reserved 425984K
}
Event: 47.350 GC heap after
{Heap after GC invocations=39 (full 0):
 garbage-first heap   total 261120K, used 154296K [0x0000000080000000, 0x0000000100000000)
  region size 1024K, 9 young (9216K), 9 survivors (9216K)
 Metaspace       used 98128K, committed 99264K, reserved 557056K
  class space    used 13744K, committed 14272K, reserved 425984K
}
Event: 48.715 GC heap before
{Heap before GC invocations=40 (full 0):
 garbage-first heap   total 276480K, used 211640K [0x0000000080000000, 0x0000000100000000)
  region size 1024K, 65 young (66560K), 9 survivors (9216K)
 Metaspace       used 98423K, committed 99520K, reserved 557056K
  class space    used 13748K, committed 14272K, reserved 425984K
}
Event: 48.742 GC heap after
{Heap after GC invocations=41 (full 0):
 garbage-first heap   total 276480K, used 159783K [0x0000000080000000, 0x0000000100000000)
  region size 1024K, 6 young (6144K), 6 survivors (6144K)
 Metaspace       used 98423K, committed 99520K, reserved 557056K
  class space    used 13748K, committed 14272K, reserved 425984K
}
Event: 48.824 GC heap before
{Heap before GC invocations=41 (full 0):
 garbage-first heap   total 276480K, used 166951K [0x0000000080000000, 0x0000000100000000)
  region size 1024K, 13 young (13312K), 6 survivors (6144K)
 Metaspace       used 98492K, committed 99584K, reserved 557056K
  class space    used 13755K, committed 14272K, reserved 425984K
}
Event: 48.837 GC heap after
{Heap after GC invocations=42 (full 0):
 garbage-first heap   total 332800K, used 159727K [0x0000000080000000, 0x0000000100000000)
  region size 1024K, 2 young (2048K), 2 survivors (2048K)
 Metaspace       used 98492K, committed 99584K, reserved 557056K
  class space    used 13755K, committed 14272K, reserved 425984K
}
Event: 50.678 GC heap before
{Heap before GC invocations=42 (full 0):
 garbage-first heap   total 332800K, used 260079K [0x0000000080000000, 0x0000000100000000)
  region size 1024K, 101 young (103424K), 2 survivors (2048K)
 Metaspace       used 99804K, committed 100992K, reserved 557056K
  class space    used 13885K, committed 14464K, reserved 425984K
}
Event: 50.697 GC heap after
{Heap after GC invocations=43 (full 0):
 garbage-first heap   total 332800K, used 167730K [0x0000000080000000, 0x0000000100000000)
  region size 1024K, 10 young (10240K), 10 survivors (10240K)
 Metaspace       used 99804K, committed 100992K, reserved 557056K
  class space    used 13885K, committed 14464K, reserved 425984K
}
Event: 52.360 GC heap before
{Heap before GC invocations=44 (full 0):
 garbage-first heap   total 332800K, used 265010K [0x0000000080000000, 0x0000000100000000)
  region size 1024K, 106 young (108544K), 10 survivors (10240K)
 Metaspace       used 100130K, committed 101376K, reserved 557056K
  class space    used 13937K, committed 14528K, reserved 425984K
}
Event: 52.385 GC heap after
{Heap after GC invocations=45 (full 0):
 garbage-first heap   total 332800K, used 173716K [0x0000000080000000, 0x0000000100000000)
  region size 1024K, 9 young (9216K), 9 survivors (9216K)
 Metaspace       used 100130K, committed 101376K, reserved 557056K
  class space    used 13937K, committed 14528K, reserved 425984K
}
Event: 52.467 GC heap before
{Heap before GC invocations=45 (full 0):
 garbage-first heap   total 332800K, used 183956K [0x0000000080000000, 0x0000000100000000)
  region size 1024K, 16 young (16384K), 9 survivors (9216K)
 Metaspace       used 100132K, committed 101376K, reserved 557056K
  class space    used 13937K, committed 14528K, reserved 425984K
}
Event: 52.488 GC heap after
{Heap after GC invocations=46 (full 0):
 garbage-first heap   total 332800K, used 173056K [0x0000000080000000, 0x0000000100000000)
  region size 1024K, 2 young (2048K), 2 survivors (2048K)
 Metaspace       used 100132K, committed 101376K, reserved 557056K
  class space    used 13937K, committed 14528K, reserved 425984K
}
Event: 54.091 GC heap before
{Heap before GC invocations=46 (full 0):
 garbage-first heap   total 332800K, used 272384K [0x0000000080000000, 0x0000000100000000)
  region size 1024K, 96 young (98304K), 2 survivors (2048K)
 Metaspace       used 100336K, committed 101568K, reserved 557056K
  class space    used 13954K, committed 14528K, reserved 425984K
}
Event: 54.111 GC heap after
{Heap after GC invocations=47 (full 0):
 garbage-first heap   total 332800K, used 180997K [0x0000000080000000, 0x0000000100000000)
  region size 1024K, 10 young (10240K), 10 survivors (10240K)
 Metaspace       used 100336K, committed 101568K, reserved 557056K
  class space    used 13954K, committed 14528K, reserved 425984K
}

