# JRE version: OpenJDK Runtime Environment Microsoft-8035246 (17.0.8+7) (build 17.0.8+7-LTS)
# Java VM: OpenJDK 64-Bit Server VM Microsoft-8035246 (17.0.8+7-LTS, mixed mode, sharing, tiered, compressed oops, compressed class ptrs, g1 gc, windows-amd64)
GC Precious Log:
 CPUs: 4 total, 4 available
 Memory: 16289M
 Large Page Support: Disabled
 NUMA Support: Disabled
 Compressed Oops: Enabled (32-bit)
 Heap Region Size: 1M
 Heap Min Capacity: 8M
 Heap Initial Capacity: 256M
 Heap Max Capacity: 2G
 Pre-touch: Disabled
 Parallel Workers: 4
 Concurrent Workers: 1
 Concurrent Refinement Workers: 4
 Periodic GC: Disabled
Heap:
 garbage-first heap   total 293888K, used 222387K [0x0000000080000000, 0x0000000100000000)
  region size 1024K, 52 young (53248K), 8 survivors (8192K)
 Metaspace       used 102912K, committed 104128K, reserved 557056K
  class space    used 14230K, committed 14784K, reserved 425984K
GC Heap History (20 events):
Event: 144.637 GC heap before
{Heap before GC invocations=38 (full 0):
 garbage-first heap   total 182272K, used 150569K [0x0000000080000000, 0x0000000100000000)
  region size 1024K, 53 young (54272K), 1 survivors (1024K)
 Metaspace       used 83318K, committed 84032K, reserved 557056K
  class space    used 11763K, committed 12096K, reserved 425984K
}
Event: 144.643 GC heap after
{Heap after GC invocations=39 (full 0):
 garbage-first heap   total 182272K, used 98043K [0x0000000080000000, 0x0000000100000000)
  region size 1024K, 2 young (2048K), 2 survivors (2048K)
 Metaspace       used 83318K, committed 84032K, reserved 557056K
  class space    used 11763K, committed 12096K, reserved 425984K
}
Event: 146.628 GC heap before
{Heap before GC invocations=40 (full 0):
 garbage-first heap   total 182272K, used 152315K [0x0000000080000000, 0x0000000100000000)
  region size 1024K, 55 young (56320K), 2 survivors (2048K)
 Metaspace       used 86159K, committed 87040K, reserved 557056K
  class space    used 12151K, committed 12544K, reserved 425984K
}
Event: 146.674 GC heap after
{Heap after GC invocations=41 (full 0):
 garbage-first heap   total 182272K, used 102389K [0x0000000080000000, 0x0000000100000000)
  region size 1024K, 6 young (6144K), 6 survivors (6144K)
 Metaspace       used 86159K, committed 87040K, reserved 557056K
  class space    used 12151K, committed 12544K, reserved 425984K
}
Event: 146.832 GC heap before
{Heap before GC invocations=41 (full 0):
 garbage-first heap   total 182272K, used 104437K [0x0000000080000000, 0x0000000100000000)
  region size 1024K, 8 young (8192K), 6 survivors (6144K)
 Metaspace       used 86254K, committed 87104K, reserved 557056K
  class space    used 12165K, committed 12544K, reserved 425984K
}
Event: 146.848 GC heap after
{Heap after GC invocations=42 (full 0):
 garbage-first heap   total 182272K, used 102299K [0x0000000080000000, 0x0000000100000000)
  region size 1024K, 1 young (1024K), 1 survivors (1024K)
 Metaspace       used 86254K, committed 87104K, reserved 557056K
  class space    used 12165K, committed 12544K, reserved 425984K
}
Event: 150.113 GC heap before
{Heap before GC invocations=42 (full 0):
 garbage-first heap   total 182272K, used 153499K [0x0000000080000000, 0x0000000100000000)
  region size 1024K, 51 young (52224K), 1 survivors (1024K)
 Metaspace       used 89356K, committed 90304K, reserved 557056K
  class space    used 12595K, committed 13056K, reserved 425984K
}
Event: 150.139 GC heap after
{Heap after GC invocations=43 (full 0):
 garbage-first heap   total 293888K, used 113606K [0x0000000080000000, 0x0000000100000000)
  region size 1024K, 7 young (7168K), 7 survivors (7168K)
 Metaspace       used 89356K, committed 90304K, reserved 557056K
  class space    used 12595K, committed 13056K, reserved 425984K
}
Event: 156.513 GC heap before
{Heap before GC invocations=43 (full 0):
 garbage-first heap   total 293888K, used 223174K [0x0000000080000000, 0x0000000100000000)
  region size 1024K, 109 young (111616K), 7 survivors (7168K)
 Metaspace       used 91554K, committed 92608K, reserved 557056K
  class space    used 12821K, committed 13312K, reserved 425984K
}
Event: 156.560 GC heap after
{Heap after GC invocations=44 (full 0):
 garbage-first heap   total 293888K, used 142817K [0x0000000080000000, 0x0000000100000000)
  region size 1024K, 14 young (14336K), 14 survivors (14336K)
 Metaspace       used 91554K, committed 92608K, reserved 557056K
  class space    used 12821K, committed 13312K, reserved 425984K
}
Event: 160.024 GC heap before
{Heap before GC invocations=44 (full 0):
 garbage-first heap   total 293888K, used 223713K [0x0000000080000000, 0x0000000100000000)
  region size 1024K, 93 young (95232K), 14 survivors (14336K)
 Metaspace       used 96650K, committed 97728K, reserved 557056K
  class space    used 13553K, committed 14016K, reserved 425984K
}
Event: 160.059 GC heap after
{Heap after GC invocations=45 (full 0):
 garbage-first heap   total 293888K, used 150528K [0x0000000080000000, 0x0000000100000000)
  region size 1024K, 7 young (7168K), 7 survivors (7168K)
 Metaspace       used 96650K, committed 97728K, reserved 557056K
  class space    used 13553K, committed 14016K, reserved 425984K
}
Event: 163.974 GC heap before
{Heap before GC invocations=45 (full 0):
 garbage-first heap   total 293888K, used 230400K [0x0000000080000000, 0x0000000100000000)
  region size 1024K, 85 young (87040K), 7 survivors (7168K)
 Metaspace       used 98543K, committed 99648K, reserved 557056K
  class space    used 13748K, committed 14272K, reserved 425984K
}
Event: 164.010 GC heap after
{Heap after GC invocations=46 (full 0):
 garbage-first heap   total 293888K, used 159232K [0x0000000080000000, 0x0000000100000000)
  region size 1024K, 10 young (10240K), 10 survivors (10240K)
 Metaspace       used 98543K, committed 99648K, reserved 557056K
  class space    used 13748K, committed 14272K, reserved 425984K
}
Event: 166.660 GC heap before
{Heap before GC invocations=46 (full 0):
 garbage-first heap   total 293888K, used 232960K [0x0000000080000000, 0x0000000100000000)
  region size 1024K, 82 young (83968K), 10 survivors (10240K)
 Metaspace       used 99311K, committed 100480K, reserved 557056K
  class space    used 13824K, committed 14336K, reserved 425984K
}
Event: 166.749 GC heap after
{Heap after GC invocations=47 (full 0):
 garbage-first heap   total 293888K, used 167236K [0x0000000080000000, 0x0000000100000000)
  region size 1024K, 8 young (8192K), 8 survivors (8192K)
 Metaspace       used 99311K, committed 100480K, reserved 557056K
  class space    used 13824K, committed 14336K, reserved 425984K
}
Event: 169.246 GC heap before
{Heap before GC invocations=47 (full 0):
 garbage-first heap   total 293888K, used 235844K [0x0000000080000000, 0x0000000100000000)
  region size 1024K, 76 young (77824K), 8 survivors (8192K)
 Metaspace       used 100101K, committed 101312K, reserved 557056K
  class space    used 13892K, committed 14464K, reserved 425984K
}
Event: 169.288 GC heap after
{Heap after GC invocations=48 (full 0):
 garbage-first heap   total 293888K, used 172032K [0x0000000080000000, 0x0000000100000000)
  region size 1024K, 5 young (5120K), 5 survivors (5120K)
 Metaspace       used 100101K, committed 101312K, reserved 557056K
  class space    used 13892K, committed 14464K, reserved 425984K
}
Event: 171.650 GC heap before
{Heap before GC invocations=48 (full 0):
 garbage-first heap   total 293888K, used 244736K [0x0000000080000000, 0x0000000100000000)
  region size 1024K, 72 young (73728K), 5 survivors (5120K)
 Metaspace       used 102912K, committed 104128K, reserved 557056K
  class space    used 14230K, committed 14784K, reserved 425984K
}
Event: 171.675 GC heap after
{Heap after GC invocations=49 (full 0):
 garbage-first heap   total 293888K, used 178355K [0x0000000080000000, 0x0000000100000000)
  region size 1024K, 8 young (8192K), 8 survivors (8192K)
 Metaspace       used 102912K, committed 104128K, reserved 557056K
  class space    used 14230K, committed 14784K, reserved 425984K
}

