# JRE version: OpenJDK Runtime Environment Microsoft-8035246 (17.0.8+7) (build 17.0.8+7-LTS)
# Java VM: OpenJDK 64-Bit Server VM Microsoft-8035246 (17.0.8+7-LTS, mixed mode, sharing, tiered, compressed oops, compressed class ptrs, g1 gc, windows-amd64)
GC Precious Log:
 CPUs: 4 total, 4 available
 Memory: 16289M
 Large Page Support: Disabled
 NUMA Support: Disabled
 Compressed Oops: Enabled (32-bit)
 Heap Region Size: 1M
 Heap Min Capacity: 8M
 Heap Initial Capacity: 256M
 Heap Max Capacity: 2G
 Pre-touch: Disabled
 Parallel Workers: 4
 Concurrent Workers: 1
 Concurrent Refinement Workers: 4
 Periodic GC: Disabled
Heap:
 garbage-first heap   total 384000K, used 231515K [0x0000000080000000, 0x0000000100000000)
  region size 1024K, 56 young (57344K), 8 survivors (8192K)
 Metaspace       used 100227K, committed 101440K, reserved 557056K
  class space    used 13962K, committed 14528K, reserved 425984K
GC Heap History (20 events):
Event: 41.525 GC heap before
{Heap before GC invocations=34 (full 0):
 garbage-first heap   total 206848K, used 164864K [0x0000000080000000, 0x0000000100000000)
  region size 1024K, 56 young (57344K), 10 survivors (10240K)
 Metaspace       used 90206K, committed 91264K, reserved 557056K
  class space    used 12667K, committed 13184K, reserved 425984K
}
Event: 41.548 GC heap after
{Heap after GC invocations=35 (full 0):
 garbage-first heap   total 206848K, used 130540K [0x0000000080000000, 0x0000000100000000)
  region size 1024K, 7 young (7168K), 7 survivors (7168K)
 Metaspace       used 90206K, committed 91264K, reserved 557056K
  class space    used 12667K, committed 13184K, reserved 425984K
}
Event: 42.302 GC heap before
{Heap before GC invocations=36 (full 0):
 garbage-first heap   total 234496K, used 164332K [0x0000000080000000, 0x0000000100000000)
  region size 1024K, 39 young (39936K), 7 survivors (7168K)
 Metaspace       used 90603K, committed 91648K, reserved 557056K
  class space    used 12712K, committed 13184K, reserved 425984K
}
Event: 42.321 GC heap after
{Heap after GC invocations=37 (full 0):
 garbage-first heap   total 234496K, used 141312K [0x0000000080000000, 0x0000000100000000)
  region size 1024K, 5 young (5120K), 5 survivors (5120K)
 Metaspace       used 90603K, committed 91648K, reserved 557056K
  class space    used 12712K, committed 13184K, reserved 425984K
}
Event: 42.427 GC heap before
{Heap before GC invocations=37 (full 0):
 garbage-first heap   total 234496K, used 147456K [0x0000000080000000, 0x0000000100000000)
  region size 1024K, 11 young (11264K), 5 survivors (5120K)
 Metaspace       used 90687K, committed 91776K, reserved 557056K
  class space    used 12722K, committed 13184K, reserved 425984K
}
Event: 42.442 GC heap after
{Heap after GC invocations=38 (full 0):
 garbage-first heap   total 281600K, used 143400K [0x0000000080000000, 0x0000000100000000)
  region size 1024K, 2 young (2048K), 2 survivors (2048K)
 Metaspace       used 90687K, committed 91776K, reserved 557056K
  class space    used 12722K, committed 13184K, reserved 425984K
}
Event: 43.634 GC heap before
{Heap before GC invocations=38 (full 0):
 garbage-first heap   total 281600K, used 210984K [0x0000000080000000, 0x0000000100000000)
  region size 1024K, 68 young (69632K), 2 survivors (2048K)
 Metaspace       used 95650K, committed 96768K, reserved 557056K
  class space    used 13447K, committed 13952K, reserved 425984K
}
Event: 43.649 GC heap after
{Heap after GC invocations=39 (full 0):
 garbage-first heap   total 281600K, used 146726K [0x0000000080000000, 0x0000000100000000)
  region size 1024K, 5 young (5120K), 5 survivors (5120K)
 Metaspace       used 95650K, committed 96768K, reserved 557056K
  class space    used 13447K, committed 13952K, reserved 425984K
}
Event: 45.332 GC heap before
{Heap before GC invocations=39 (full 0):
 garbage-first heap   total 281600K, used 216358K [0x0000000080000000, 0x0000000100000000)
  region size 1024K, 73 young (74752K), 5 survivors (5120K)
 Metaspace       used 98064K, committed 99200K, reserved 557056K
  class space    used 13737K, committed 14272K, reserved 425984K
}
Event: 45.354 GC heap after
{Heap after GC invocations=40 (full 0):
 garbage-first heap   total 281600K, used 154621K [0x0000000080000000, 0x0000000100000000)
  region size 1024K, 10 young (10240K), 10 survivors (10240K)
 Metaspace       used 98064K, committed 99200K, reserved 557056K
  class space    used 13737K, committed 14272K, reserved 425984K
}
Event: 46.594 GC heap before
{Heap before GC invocations=40 (full 0):
 garbage-first heap   total 281600K, used 221181K [0x0000000080000000, 0x0000000100000000)
  region size 1024K, 75 young (76800K), 10 survivors (10240K)
 Metaspace       used 98603K, committed 99776K, reserved 557056K
  class space    used 13781K, committed 14336K, reserved 425984K
}
Event: 46.623 GC heap after
{Heap after GC invocations=41 (full 0):
 garbage-first heap   total 281600K, used 161849K [0x0000000080000000, 0x0000000100000000)
  region size 1024K, 7 young (7168K), 7 survivors (7168K)
 Metaspace       used 98603K, committed 99776K, reserved 557056K
  class space    used 13781K, committed 14336K, reserved 425984K
}
Event: 48.842 GC heap before
{Heap before GC invocations=41 (full 0):
 garbage-first heap   total 281600K, used 225337K [0x0000000080000000, 0x0000000100000000)
  region size 1024K, 69 young (70656K), 7 survivors (7168K)
 Metaspace       used 99557K, committed 100800K, reserved 557056K
  class space    used 13891K, committed 14464K, reserved 425984K
}
Event: 48.866 GC heap after
{Heap after GC invocations=42 (full 0):
 garbage-first heap   total 281600K, used 168698K [0x0000000080000000, 0x0000000100000000)
  region size 1024K, 7 young (7168K), 7 survivors (7168K)
 Metaspace       used 99557K, committed 100800K, reserved 557056K
  class space    used 13891K, committed 14464K, reserved 425984K
}
Event: 49.731 GC heap before
{Heap before GC invocations=42 (full 0):
 garbage-first heap   total 281600K, used 227066K [0x0000000080000000, 0x0000000100000000)
  region size 1024K, 65 young (66560K), 7 survivors (7168K)
 Metaspace       used 99998K, committed 101184K, reserved 557056K
  class space    used 13943K, committed 14528K, reserved 425984K
}
Event: 49.752 GC heap after
{Heap after GC invocations=43 (full 0):
 garbage-first heap   total 281600K, used 174312K [0x0000000080000000, 0x0000000100000000)
  region size 1024K, 7 young (7168K), 7 survivors (7168K)
 Metaspace       used 99998K, committed 101184K, reserved 557056K
  class space    used 13943K, committed 14528K, reserved 425984K
}
Event: 50.305 GC heap before
{Heap before GC invocations=43 (full 0):
 garbage-first heap   total 281600K, used 229608K [0x0000000080000000, 0x0000000100000000)
  region size 1024K, 62 young (63488K), 7 survivors (7168K)
 Metaspace       used 100003K, committed 101184K, reserved 557056K
  class space    used 13943K, committed 14528K, reserved 425984K
}
Event: 50.319 GC heap after
{Heap after GC invocations=44 (full 0):
 garbage-first heap   total 281600K, used 176282K [0x0000000080000000, 0x0000000100000000)
  region size 1024K, 4 young (4096K), 4 survivors (4096K)
 Metaspace       used 100003K, committed 101184K, reserved 557056K
  class space    used 13943K, committed 14528K, reserved 425984K
}
Event: 50.858 GC heap before
{Heap before GC invocations=44 (full 0):
 garbage-first heap   total 281600K, used 236698K [0x0000000080000000, 0x0000000100000000)
  region size 1024K, 59 young (60416K), 4 survivors (4096K)
 Metaspace       used 100064K, committed 101248K, reserved 557056K
  class space    used 13943K, committed 14528K, reserved 425984K
}
Event: 50.870 GC heap after
{Heap after GC invocations=45 (full 0):
 garbage-first heap   total 384000K, used 180315K [0x0000000080000000, 0x0000000100000000)
  region size 1024K, 8 young (8192K), 8 survivors (8192K)
 Metaspace       used 100064K, committed 101248K, reserved 557056K
  class space    used 13943K, committed 14528K, reserved 425984K
}

