# JRE version: OpenJDK Runtime Environment Microsoft-8035246 (17.0.8+7) (build 17.0.8+7-LTS)
# Java VM: OpenJDK 64-Bit Server VM Microsoft-8035246 (17.0.8+7-LTS, mixed mode, sharing, tiered, compressed oops, compressed class ptrs, g1 gc, windows-amd64)
GC Precious Log:
 CPUs: 4 total, 4 available
 Memory: 16289M
 Large Page Support: Disabled
 NUMA Support: Disabled
 Compressed Oops: Enabled (32-bit)
 Heap Region Size: 1M
 Heap Min Capacity: 8M
 Heap Initial Capacity: 256M
 Heap Max Capacity: 2G
 Pre-touch: Disabled
 Parallel Workers: 4
 Concurrent Workers: 1
 Concurrent Refinement Workers: 4
 Periodic GC: Disabled
Heap:
 garbage-first heap   total 234496K, used 185135K [0x0000000080000000, 0x0000000100000000)
  region size 1024K, 9 young (9216K), 3 survivors (3072K)
 Metaspace       used 100415K, committed 101632K, reserved 557056K
  class space    used 13942K, committed 14528K, reserved 425984K
GC Heap History (20 events):
Event: 188.412 GC heap before
{Heap before GC invocations=57 (full 0):
 garbage-first heap   total 234496K, used 188709K [0x0000000080000000, 0x0000000100000000)
  region size 1024K, 47 young (48128K), 6 survivors (6144K)
 Metaspace       used 97756K, committed 98880K, reserved 557056K
  class space    used 13673K, committed 14208K, reserved 425984K
}
Event: 188.441 GC heap after
{Heap after GC invocations=58 (full 0):
 garbage-first heap   total 234496K, used 151381K [0x0000000080000000, 0x0000000100000000)
  region size 1024K, 6 young (6144K), 6 survivors (6144K)
 Metaspace       used 97756K, committed 98880K, reserved 557056K
  class space    used 13673K, committed 14208K, reserved 425984K
}
Event: 196.391 GC heap before
{Heap before GC invocations=58 (full 0):
 garbage-first heap   total 234496K, used 190293K [0x0000000080000000, 0x0000000100000000)
  region size 1024K, 44 young (45056K), 6 survivors (6144K)
 Metaspace       used 98557K, committed 99648K, reserved 557056K
  class space    used 13758K, committed 14272K, reserved 425984K
}
Event: 196.415 GC heap after
{Heap after GC invocations=59 (full 0):
 garbage-first heap   total 234496K, used 155979K [0x0000000080000000, 0x0000000100000000)
  region size 1024K, 5 young (5120K), 5 survivors (5120K)
 Metaspace       used 98557K, committed 99648K, reserved 557056K
  class space    used 13758K, committed 14272K, reserved 425984K
}
Event: 204.585 GC heap before
{Heap before GC invocations=59 (full 0):
 garbage-first heap   total 234496K, used 192843K [0x0000000080000000, 0x0000000100000000)
  region size 1024K, 41 young (41984K), 5 survivors (5120K)
 Metaspace       used 98731K, committed 99840K, reserved 557056K
  class space    used 13758K, committed 14272K, reserved 425984K
}
Event: 204.609 GC heap after
{Heap after GC invocations=60 (full 0):
 garbage-first heap   total 234496K, used 159383K [0x0000000080000000, 0x0000000100000000)
  region size 1024K, 4 young (4096K), 4 survivors (4096K)
 Metaspace       used 98731K, committed 99840K, reserved 557056K
  class space    used 13758K, committed 14272K, reserved 425984K
}
Event: 212.870 GC heap before
{Heap before GC invocations=60 (full 0):
 garbage-first heap   total 234496K, used 195223K [0x0000000080000000, 0x0000000100000000)
  region size 1024K, 39 young (39936K), 4 survivors (4096K)
 Metaspace       used 99126K, committed 100224K, reserved 557056K
  class space    used 13806K, committed 14336K, reserved 425984K
}
Event: 212.893 GC heap after
{Heap after GC invocations=61 (full 0):
 garbage-first heap   total 234496K, used 163988K [0x0000000080000000, 0x0000000100000000)
  region size 1024K, 5 young (5120K), 5 survivors (5120K)
 Metaspace       used 99126K, committed 100224K, reserved 557056K
  class space    used 13806K, committed 14336K, reserved 425984K
}
Event: 218.741 GC heap before
{Heap before GC invocations=61 (full 0):
 garbage-first heap   total 234496K, used 195732K [0x0000000080000000, 0x0000000100000000)
  region size 1024K, 37 young (37888K), 5 survivors (5120K)
 Metaspace       used 99800K, committed 100992K, reserved 557056K
  class space    used 13888K, committed 14464K, reserved 425984K
}
Event: 218.761 GC heap after
{Heap after GC invocations=62 (full 0):
 garbage-first heap   total 234496K, used 168138K [0x0000000080000000, 0x0000000100000000)
  region size 1024K, 5 young (5120K), 5 survivors (5120K)
 Metaspace       used 99800K, committed 100992K, reserved 557056K
  class space    used 13888K, committed 14464K, reserved 425984K
}
Event: 219.983 GC heap before
{Heap before GC invocations=62 (full 0):
 garbage-first heap   total 234496K, used 196810K [0x0000000080000000, 0x0000000100000000)
  region size 1024K, 34 young (34816K), 5 survivors (5120K)
 Metaspace       used 99999K, committed 101184K, reserved 557056K
  class space    used 13891K, committed 14464K, reserved 425984K
}
Event: 219.999 GC heap after
{Heap after GC invocations=63 (full 0):
 garbage-first heap   total 234496K, used 170342K [0x0000000080000000, 0x0000000100000000)
  region size 1024K, 3 young (3072K), 3 survivors (3072K)
 Metaspace       used 99999K, committed 101184K, reserved 557056K
  class space    used 13891K, committed 14464K, reserved 425984K
}
Event: 220.918 GC heap before
{Heap before GC invocations=63 (full 0):
 garbage-first heap   total 234496K, used 197990K [0x0000000080000000, 0x0000000100000000)
  region size 1024K, 31 young (31744K), 3 survivors (3072K)
 Metaspace       used 100153K, committed 101312K, reserved 557056K
  class space    used 13893K, committed 14464K, reserved 425984K
}
Event: 220.929 GC heap after
{Heap after GC invocations=64 (full 0):
 garbage-first heap   total 234496K, used 171863K [0x0000000080000000, 0x0000000100000000)
  region size 1024K, 2 young (2048K), 2 survivors (2048K)
 Metaspace       used 100153K, committed 101312K, reserved 557056K
  class space    used 13893K, committed 14464K, reserved 425984K
}
Event: 223.022 GC heap before
{Heap before GC invocations=64 (full 0):
 garbage-first heap   total 234496K, used 200535K [0x0000000080000000, 0x0000000100000000)
  region size 1024K, 31 young (31744K), 2 survivors (2048K)
 Metaspace       used 100413K, committed 101632K, reserved 557056K
  class space    used 13942K, committed 14528K, reserved 425984K
}
Event: 223.037 GC heap after
{Heap after GC invocations=65 (full 0):
 garbage-first heap   total 234496K, used 176861K [0x0000000080000000, 0x0000000100000000)
  region size 1024K, 4 young (4096K), 4 survivors (4096K)
 Metaspace       used 100413K, committed 101632K, reserved 557056K
  class space    used 13942K, committed 14528K, reserved 425984K
}
Event: 223.722 GC heap before
{Heap before GC invocations=65 (full 0):
 garbage-first heap   total 234496K, used 200413K [0x0000000080000000, 0x0000000100000000)
  region size 1024K, 27 young (27648K), 4 survivors (4096K)
 Metaspace       used 100415K, committed 101632K, reserved 557056K
  class space    used 13942K, committed 14528K, reserved 425984K
}
Event: 223.735 GC heap after
{Heap after GC invocations=66 (full 0):
 garbage-first heap   total 234496K, used 178787K [0x0000000080000000, 0x0000000100000000)
  region size 1024K, 3 young (3072K), 3 survivors (3072K)
 Metaspace       used 100415K, committed 101632K, reserved 557056K
  class space    used 13942K, committed 14528K, reserved 425984K
}
Event: 224.568 GC heap before
{Heap before GC invocations=66 (full 0):
 garbage-first heap   total 234496K, used 201315K [0x0000000080000000, 0x0000000100000000)
  region size 1024K, 25 young (25600K), 3 survivors (3072K)
 Metaspace       used 100415K, committed 101632K, reserved 557056K
  class space    used 13942K, committed 14528K, reserved 425984K
}
Event: 224.575 GC heap after
{Heap after GC invocations=67 (full 0):
 garbage-first heap   total 234496K, used 180015K [0x0000000080000000, 0x0000000100000000)
  region size 1024K, 3 young (3072K), 3 survivors (3072K)
 Metaspace       used 100415K, committed 101632K, reserved 557056K
  class space    used 13942K, committed 14528K, reserved 425984K
}

