# JRE version: OpenJDK Runtime Environment Microsoft-8035246 (17.0.8+7) (build 17.0.8+7-LTS)
# Java VM: OpenJDK 64-Bit Server VM Microsoft-8035246 (17.0.8+7-LTS, mixed mode, sharing, tiered, compressed oops, compressed class ptrs, g1 gc, windows-amd64)
GC Precious Log:
 CPUs: 4 total, 4 available
 Memory: 16289M
 Large Page Support: Disabled
 NUMA Support: Disabled
 Compressed Oops: Enabled (32-bit)
 Heap Region Size: 1M
 Heap Min Capacity: 8M
 Heap Initial Capacity: 256M
 Heap Max Capacity: 2G
 Pre-touch: Disabled
 Parallel Workers: 4
 Concurrent Workers: 1
 Concurrent Refinement Workers: 4
 Periodic GC: Disabled
Heap:
 garbage-first heap   total 307200K, used 219648K [0x0000000080000000, 0x0000000100000000)
  region size 1024K, 64 young (65536K), 8 survivors (8192K)
 Metaspace       used 99850K, committed 100928K, reserved 557056K
  class space    used 13920K, committed 14464K, reserved 425984K
GC Heap History (20 events):
Event: 40.198 GC heap before
{Heap before GC invocations=35 (full 0):
 garbage-first heap   total 142336K, used 117725K [0x0000000080000000, 0x0000000100000000)
  region size 1024K, 31 young (31744K), 2 survivors (2048K)
 Metaspace       used 71844K, committed 72576K, reserved 491520K
  class space    used 10037K, committed 10368K, reserved 425984K
}
Event: 40.204 GC heap after
{Heap after GC invocations=36 (full 0):
 garbage-first heap   total 142336K, used 84574K [0x0000000080000000, 0x0000000100000000)
  region size 1024K, 4 young (4096K), 4 survivors (4096K)
 Metaspace       used 71844K, committed 72576K, reserved 491520K
  class space    used 10037K, committed 10368K, reserved 425984K
}
Event: 40.248 GC heap before
{Heap before GC invocations=36 (full 0):
 garbage-first heap   total 142336K, used 86622K [0x0000000080000000, 0x0000000100000000)
  region size 1024K, 6 young (6144K), 4 survivors (4096K)
 Metaspace       used 72003K, committed 72704K, reserved 491520K
  class space    used 10059K, committed 10368K, reserved 425984K
}
Event: 40.256 GC heap after
{Heap after GC invocations=37 (full 0):
 garbage-first heap   total 142336K, used 84703K [0x0000000080000000, 0x0000000100000000)
  region size 1024K, 1 young (1024K), 1 survivors (1024K)
 Metaspace       used 72003K, committed 72704K, reserved 491520K
  class space    used 10059K, committed 10368K, reserved 425984K
}
Event: 40.991 GC heap before
{Heap before GC invocations=37 (full 0):
 garbage-first heap   total 142336K, used 116447K [0x0000000080000000, 0x0000000100000000)
  region size 1024K, 32 young (32768K), 1 survivors (1024K)
 Metaspace       used 74188K, committed 74880K, reserved 491520K
  class space    used 10329K, committed 10688K, reserved 425984K
}
Event: 40.999 GC heap after
{Heap after GC invocations=38 (full 0):
 garbage-first heap   total 328704K, used 86008K [0x0000000080000000, 0x0000000100000000)
  region size 1024K, 2 young (2048K), 2 survivors (2048K)
 Metaspace       used 74188K, committed 74880K, reserved 491520K
  class space    used 10329K, committed 10688K, reserved 425984K
}
Event: 53.117 GC heap before
{Heap before GC invocations=39 (full 0):
 garbage-first heap   total 307200K, used 225272K [0x0000000080000000, 0x0000000100000000)
  region size 1024K, 138 young (141312K), 2 survivors (2048K)
 Metaspace       used 81065K, committed 81792K, reserved 557056K
  class space    used 11326K, committed 11648K, reserved 425984K
}
Event: 53.145 GC heap after
{Heap after GC invocations=40 (full 0):
 garbage-first heap   total 307200K, used 93243K [0x0000000080000000, 0x0000000100000000)
  region size 1024K, 9 young (9216K), 9 survivors (9216K)
 Metaspace       used 81065K, committed 81792K, reserved 557056K
  class space    used 11326K, committed 11648K, reserved 425984K
}
Event: 53.296 GC heap before
{Heap before GC invocations=40 (full 0):
 garbage-first heap   total 307200K, used 98363K [0x0000000080000000, 0x0000000100000000)
  region size 1024K, 15 young (15360K), 9 survivors (9216K)
 Metaspace       used 81516K, committed 82240K, reserved 557056K
  class space    used 11427K, committed 11776K, reserved 425984K
}
Event: 53.319 GC heap after
{Heap after GC invocations=41 (full 0):
 garbage-first heap   total 307200K, used 94463K [0x0000000080000000, 0x0000000100000000)
  region size 1024K, 2 young (2048K), 2 survivors (2048K)
 Metaspace       used 81516K, committed 82240K, reserved 557056K
  class space    used 11427K, committed 11776K, reserved 425984K
}
Event: 56.863 GC heap before
{Heap before GC invocations=41 (full 0):
 garbage-first heap   total 307200K, used 225535K [0x0000000080000000, 0x0000000100000000)
  region size 1024K, 130 young (133120K), 2 survivors (2048K)
 Metaspace       used 88004K, committed 88896K, reserved 557056K
  class space    used 12445K, committed 12864K, reserved 425984K
}
Event: 56.907 GC heap after
{Heap after GC invocations=42 (full 0):
 garbage-first heap   total 307200K, used 107340K [0x0000000080000000, 0x0000000100000000)
  region size 1024K, 14 young (14336K), 14 survivors (14336K)
 Metaspace       used 88004K, committed 88896K, reserved 557056K
  class space    used 12445K, committed 12864K, reserved 425984K
}
Event: 61.457 GC heap before
{Heap before GC invocations=42 (full 0):
 garbage-first heap   total 307200K, used 233292K [0x0000000080000000, 0x0000000100000000)
  region size 1024K, 132 young (135168K), 14 survivors (14336K)
 Metaspace       used 93399K, committed 94400K, reserved 557056K
  class space    used 13154K, committed 13632K, reserved 425984K
}
Event: 61.544 GC heap after
{Heap after GC invocations=43 (full 0):
 garbage-first heap   total 307200K, used 134391K [0x0000000080000000, 0x0000000100000000)
  region size 1024K, 17 young (17408K), 17 survivors (17408K)
 Metaspace       used 93399K, committed 94400K, reserved 557056K
  class space    used 13154K, committed 13632K, reserved 425984K
}
Event: 67.333 GC heap before
{Heap before GC invocations=43 (full 0):
 garbage-first heap   total 307200K, used 232695K [0x0000000080000000, 0x0000000100000000)
  region size 1024K, 113 young (115712K), 17 survivors (17408K)
 Metaspace       used 97899K, committed 98944K, reserved 557056K
  class space    used 13709K, committed 14208K, reserved 425984K
}
Event: 67.412 GC heap after
{Heap after GC invocations=44 (full 0):
 garbage-first heap   total 307200K, used 145920K [0x0000000080000000, 0x0000000100000000)
  region size 1024K, 11 young (11264K), 11 survivors (11264K)
 Metaspace       used 97899K, committed 98944K, reserved 557056K
  class space    used 13709K, committed 14208K, reserved 425984K
}
Event: 71.514 GC heap before
{Heap before GC invocations=44 (full 0):
 garbage-first heap   total 307200K, used 238080K [0x0000000080000000, 0x0000000100000000)
  region size 1024K, 101 young (103424K), 11 survivors (11264K)
 Metaspace       used 99128K, committed 100224K, reserved 557056K
  class space    used 13866K, committed 14400K, reserved 425984K
}
Event: 71.604 GC heap after
{Heap after GC invocations=45 (full 0):
 garbage-first heap   total 307200K, used 156160K [0x0000000080000000, 0x0000000100000000)
  region size 1024K, 10 young (10240K), 10 survivors (10240K)
 Metaspace       used 99128K, committed 100224K, reserved 557056K
  class space    used 13866K, committed 14400K, reserved 425984K
}
Event: 75.828 GC heap before
{Heap before GC invocations=45 (full 0):
 garbage-first heap   total 307200K, used 241152K [0x0000000080000000, 0x0000000100000000)
  region size 1024K, 94 young (96256K), 10 survivors (10240K)
 Metaspace       used 99847K, committed 100928K, reserved 557056K
  class space    used 13920K, committed 14464K, reserved 425984K
}
Event: 75.896 GC heap after
{Heap after GC invocations=46 (full 0):
 garbage-first heap   total 307200K, used 164352K [0x0000000080000000, 0x0000000100000000)
  region size 1024K, 8 young (8192K), 8 survivors (8192K)
 Metaspace       used 99847K, committed 100928K, reserved 557056K
  class space    used 13920K, committed 14464K, reserved 425984K
}

